{"C:\\Users\\U s e r\\Desktop\\nodeApi\\app.js": {"path":"C:\\Users\\U s e r\\Desktop\\nodeApi\\app.js","statementMap":{"0":{"start":{"line":1,"column":0},"end":{"line":1,"column":26}},"1":{"start":{"line":2,"column":16},"end":{"line":2,"column":34}},"2":{"start":{"line":3,"column":13},"end":{"line":3,"column":28}},"3":{"start":{"line":4,"column":22},"end":{"line":4,"column":47}},"4":{"start":{"line":5,"column":18},"end":{"line":5,"column":47}},"5":{"start":{"line":8,"column":23},"end":{"line":8,"column":48}},"6":{"start":{"line":9,"column":27},"end":{"line":9,"column":52}},"7":{"start":{"line":10,"column":12},"end":{"line":10,"column":21}},"8":{"start":{"line":11,"column":18},"end":{"line":11,"column":39}},"9":{"start":{"line":12,"column":17},"end":{"line":12,"column":54}},"10":{"start":{"line":13,"column":0},"end":{"line":13,"column":15}},"11":{"start":{"line":14,"column":0},"end":{"line":14,"column":23}},"12":{"start":{"line":15,"column":0},"end":{"line":15,"column":34}},"13":{"start":{"line":42,"column":13},"end":{"line":42,"column":37}},"14":{"start":{"line":46,"column":0},"end":{"line":48,"column":36}},"15":{"start":{"line":52,"column":0},"end":{"line":52,"column":36}},"16":{"start":{"line":55,"column":0},"end":{"line":59,"column":1}},"17":{"start":{"line":56,"column":4},"end":{"line":58,"column":7}},"18":{"start":{"line":57,"column":8},"end":{"line":57,"column":69}},"19":{"start":{"line":63,"column":0},"end":{"line":63,"column":62}},"20":{"start":{"line":65,"column":0},"end":{"line":65,"column":20}}},"fnMap":{"0":{"name":"(anonymous_0)","decl":{"start":{"line":56,"column":21},"end":{"line":56,"column":22}},"loc":{"start":{"line":56,"column":27},"end":{"line":58,"column":5}},"line":56}},"branchMap":{"0":{"loc":{"start":{"line":12,"column":17},"end":{"line":12,"column":54}},"type":"binary-expr","locations":[{"start":{"line":12,"column":17},"end":{"line":12,"column":37}},{"start":{"line":12,"column":41},"end":{"line":12,"column":54}}],"line":12},"1":{"loc":{"start":{"line":42,"column":13},"end":{"line":42,"column":37}},"type":"binary-expr","locations":[{"start":{"line":42,"column":13},"end":{"line":42,"column":29}},{"start":{"line":42,"column":33},"end":{"line":42,"column":37}}],"line":42},"2":{"loc":{"start":{"line":55,"column":0},"end":{"line":59,"column":1}},"type":"if","locations":[{"start":{"line":55,"column":0},"end":{"line":59,"column":1}},{"start":{},"end":{}}],"line":55},"3":{"loc":{"start":{"line":63,"column":0},"end":{"line":63,"column":61}},"type":"cond-expr","locations":[{"start":{"line":63,"column":26},"end":{"line":63,"column":42}},{"start":{"line":63,"column":45},"end":{"line":63,"column":61}}],"line":63}},"s":{"0":3,"1":3,"2":3,"3":3,"4":3,"5":3,"6":3,"7":3,"8":3,"9":3,"10":3,"11":3,"12":3,"13":3,"14":3,"15":3,"16":3,"17":0,"18":0,"19":3,"20":3},"f":{"0":0},"b":{"0":[3,0],"1":[3,0],"2":[0,3],"3":[3,0]},"_coverageSchema":"1a1c01bbd47fc00a2c39e90264f33305004495a9","hash":"468443e7e707e04b8bc7858bf2bcf91e66ec603b"}
,"C:\\Users\\U s e r\\Desktop\\nodeApi\\config\\mongo.js": {"path":"C:\\Users\\U s e r\\Desktop\\nodeApi\\config\\mongo.js","statementMap":{"0":{"start":{"line":1,"column":0},"end":{"line":1,"column":27}},"1":{"start":{"line":2,"column":17},"end":{"line":2,"column":36}},"2":{"start":{"line":3,"column":17},"end":{"line":3,"column":37}},"3":{"start":{"line":6,"column":23},"end":{"line":14,"column":1}},"4":{"start":{"line":7,"column":19},"end":{"line":7,"column":86}},"5":{"start":{"line":8,"column":4},"end":{"line":13,"column":5}},"6":{"start":{"line":9,"column":8},"end":{"line":9,"column":39}},"7":{"start":{"line":10,"column":8},"end":{"line":10,"column":61}},"8":{"start":{"line":12,"column":8},"end":{"line":12,"column":68}},"9":{"start":{"line":16,"column":0},"end":{"line":16,"column":32}}},"fnMap":{"0":{"name":"(anonymous_0)","decl":{"start":{"line":6,"column":23},"end":{"line":6,"column":24}},"loc":{"start":{"line":6,"column":35},"end":{"line":14,"column":1}},"line":6}},"branchMap":{"0":{"loc":{"start":{"line":7,"column":19},"end":{"line":7,"column":86}},"type":"cond-expr","locations":[{"start":{"line":7,"column":42},"end":{"line":7,"column":65}},{"start":{"line":7,"column":68},"end":{"line":7,"column":86}}],"line":7}},"s":{"0":3,"1":3,"2":3,"3":3,"4":3,"5":3,"6":3,"7":3,"8":0,"9":3},"f":{"0":3},"b":{"0":[3,0]},"_coverageSchema":"1a1c01bbd47fc00a2c39e90264f33305004495a9","hash":"33f903cb1d9ec5b9e6fbf3f6cc21a61d12463409"}
,"C:\\Users\\U s e r\\Desktop\\nodeApi\\config\\mysql.js": {"path":"C:\\Users\\U s e r\\Desktop\\nodeApi\\config\\mysql.js","statementMap":{"0":{"start":{"line":1,"column":20},"end":{"line":1,"column":40}},"1":{"start":{"line":2,"column":17},"end":{"line":2,"column":37}},"2":{"start":{"line":3,"column":17},"end":{"line":3,"column":101}},"3":{"start":{"line":4,"column":17},"end":{"line":4,"column":39}},"4":{"start":{"line":5,"column":17},"end":{"line":5,"column":43}},"5":{"start":{"line":6,"column":13},"end":{"line":6,"column":35}},"6":{"start":{"line":10,"column":18},"end":{"line":14,"column":2}},"7":{"start":{"line":16,"column":24},"end":{"line":26,"column":1}},"8":{"start":{"line":19,"column":4},"end":{"line":25,"column":5}},"9":{"start":{"line":20,"column":8},"end":{"line":20,"column":38}},"10":{"start":{"line":21,"column":8},"end":{"line":21,"column":60}},"11":{"start":{"line":24,"column":8},"end":{"line":24,"column":46}},"12":{"start":{"line":28,"column":0},"end":{"line":28,"column":47}}},"fnMap":{"0":{"name":"(anonymous_0)","decl":{"start":{"line":16,"column":24},"end":{"line":16,"column":25}},"loc":{"start":{"line":16,"column":35},"end":{"line":26,"column":1}},"line":16}},"branchMap":{"0":{"loc":{"start":{"line":3,"column":17},"end":{"line":3,"column":101}},"type":"cond-expr","locations":[{"start":{"line":3,"column":41},"end":{"line":3,"column":72}},{"start":{"line":3,"column":75},"end":{"line":3,"column":101}}],"line":3}},"s":{"0":3,"1":3,"2":3,"3":3,"4":3,"5":3,"6":3,"7":3,"8":0,"9":0,"10":0,"11":0,"12":3},"f":{"0":0},"b":{"0":[3,0]},"_coverageSchema":"1a1c01bbd47fc00a2c39e90264f33305004495a9","hash":"ec2b193decba07aade06eab18a0f4da5201c9163"}
,"C:\\Users\\U s e r\\Desktop\\nodeApi\\controllers\\auth.js": {"path":"C:\\Users\\U s e r\\Desktop\\nodeApi\\controllers\\auth.js","statementMap":{"0":{"start":{"line":1,"column":24},"end":{"line":1,"column":52}},"1":{"start":{"line":2,"column":29},"end":{"line":2,"column":63}},"2":{"start":{"line":3,"column":21},"end":{"line":3,"column":41}},"3":{"start":{"line":4,"column":20},"end":{"line":4,"column":49}},"4":{"start":{"line":5,"column":26},"end":{"line":5,"column":57}},"5":{"start":{"line":8,"column":17},"end":{"line":34,"column":1}},"6":{"start":{"line":9,"column":4},"end":{"line":33,"column":5}},"7":{"start":{"line":10,"column":8},"end":{"line":10,"column":31}},"8":{"start":{"line":13,"column":27},"end":{"line":13,"column":73}},"9":{"start":{"line":14,"column":8},"end":{"line":16,"column":9}},"10":{"start":{"line":15,"column":12},"end":{"line":15,"column":85}},"11":{"start":{"line":18,"column":25},"end":{"line":18,"column":52}},"12":{"start":{"line":19,"column":21},"end":{"line":19,"column":41}},"13":{"start":{"line":20,"column":25},"end":{"line":20,"column":54}},"14":{"start":{"line":22,"column":8},"end":{"line":22,"column":63}},"15":{"start":{"line":24,"column":21},"end":{"line":27,"column":9}},"16":{"start":{"line":28,"column":8},"end":{"line":28,"column":23}},"17":{"start":{"line":29,"column":8},"end":{"line":29,"column":27}},"18":{"start":{"line":31,"column":8},"end":{"line":31,"column":60}},"19":{"start":{"line":32,"column":8},"end":{"line":32,"column":52}},"20":{"start":{"line":87,"column":18},"end":{"line":119,"column":1}},"21":{"start":{"line":88,"column":4},"end":{"line":117,"column":5}},"22":{"start":{"line":89,"column":8},"end":{"line":89,"column":31}},"23":{"start":{"line":90,"column":21},"end":{"line":90,"column":95}},"24":{"start":{"line":93,"column":8},"end":{"line":96,"column":9}},"25":{"start":{"line":94,"column":12},"end":{"line":94,"column":63}},"26":{"start":{"line":99,"column":29},"end":{"line":99,"column":42}},"27":{"start":{"line":100,"column":22},"end":{"line":100,"column":63}},"28":{"start":{"line":102,"column":8},"end":{"line":104,"column":9}},"29":{"start":{"line":103,"column":12},"end":{"line":103,"column":76}},"30":{"start":{"line":107,"column":8},"end":{"line":107,"column":57}},"31":{"start":{"line":108,"column":21},"end":{"line":111,"column":9}},"32":{"start":{"line":112,"column":8},"end":{"line":112,"column":39}},"33":{"start":{"line":116,"column":8},"end":{"line":116,"column":53}},"34":{"start":{"line":126,"column":0},"end":{"line":126,"column":40}}},"fnMap":{"0":{"name":"(anonymous_0)","decl":{"start":{"line":8,"column":17},"end":{"line":8,"column":18}},"loc":{"start":{"line":8,"column":37},"end":{"line":34,"column":1}},"line":8},"1":{"name":"(anonymous_1)","decl":{"start":{"line":87,"column":18},"end":{"line":87,"column":19}},"loc":{"start":{"line":87,"column":38},"end":{"line":119,"column":1}},"line":87}},"branchMap":{"0":{"loc":{"start":{"line":14,"column":8},"end":{"line":16,"column":9}},"type":"if","locations":[{"start":{"line":14,"column":8},"end":{"line":16,"column":9}},{"start":{},"end":{}}],"line":14},"1":{"loc":{"start":{"line":93,"column":8},"end":{"line":96,"column":9}},"type":"if","locations":[{"start":{"line":93,"column":8},"end":{"line":96,"column":9}},{"start":{},"end":{}}],"line":93},"2":{"loc":{"start":{"line":102,"column":8},"end":{"line":104,"column":9}},"type":"if","locations":[{"start":{"line":102,"column":8},"end":{"line":104,"column":9}},{"start":{},"end":{}}],"line":102}},"s":{"0":3,"1":3,"2":3,"3":3,"4":3,"5":3,"6":3,"7":3,"8":3,"9":3,"10":2,"11":1,"12":1,"13":1,"14":1,"15":1,"16":1,"17":1,"18":0,"19":0,"20":3,"21":3,"22":3,"23":3,"24":3,"25":1,"26":2,"27":2,"28":2,"29":1,"30":1,"31":1,"32":1,"33":0,"34":3},"f":{"0":3,"1":3},"b":{"0":[2,1],"1":[1,2],"2":[1,1]},"_coverageSchema":"1a1c01bbd47fc00a2c39e90264f33305004495a9","hash":"a94637b13f5bddad5d1cce16d955ced04f06b14d"}
,"C:\\Users\\U s e r\\Desktop\\nodeApi\\controllers\\storage.js": {"path":"C:\\Users\\U s e r\\Desktop\\nodeApi\\controllers\\storage.js","statementMap":{"0":{"start":{"line":1,"column":11},"end":{"line":1,"column":24}},"1":{"start":{"line":2,"column":13},"end":{"line":2,"column":28}},"2":{"start":{"line":3,"column":23},"end":{"line":3,"column":43}},"3":{"start":{"line":4,"column":26},"end":{"line":4,"column":57}},"4":{"start":{"line":5,"column":24},"end":{"line":5,"column":52}},"5":{"start":{"line":6,"column":22},"end":{"line":6,"column":42}},"6":{"start":{"line":9,"column":19},"end":{"line":9,"column":41}},"7":{"start":{"line":11,"column":19},"end":{"line":11,"column":44}},"8":{"start":{"line":16,"column":17},"end":{"line":24,"column":1}},"9":{"start":{"line":17,"column":4},"end":{"line":23,"column":5}},"10":{"start":{"line":18,"column":21},"end":{"line":18,"column":48}},"11":{"start":{"line":19,"column":8},"end":{"line":19,"column":24}},"12":{"start":{"line":22,"column":8},"end":{"line":22,"column":52}},"13":{"start":{"line":29,"column":16},"end":{"line":38,"column":1}},"14":{"start":{"line":30,"column":4},"end":{"line":37,"column":5}},"15":{"start":{"line":31,"column":21},"end":{"line":31,"column":37}},"16":{"start":{"line":32,"column":21},"end":{"line":32,"column":52}},"17":{"start":{"line":33,"column":8},"end":{"line":33,"column":24}},"18":{"start":{"line":36,"column":8},"end":{"line":36,"column":51}},"19":{"start":{"line":43,"column":19},"end":{"line":63,"column":1}},"20":{"start":{"line":44,"column":4},"end":{"line":62,"column":5}},"21":{"start":{"line":45,"column":23},"end":{"line":45,"column":26}},"22":{"start":{"line":47,"column":8},"end":{"line":49,"column":9}},"23":{"start":{"line":48,"column":12},"end":{"line":48,"column":71}},"24":{"start":{"line":50,"column":8},"end":{"line":50,"column":25}},"25":{"start":{"line":52,"column":25},"end":{"line":55,"column":9}},"26":{"start":{"line":57,"column":21},"end":{"line":57,"column":56}},"27":{"start":{"line":58,"column":8},"end":{"line":58,"column":24}},"28":{"start":{"line":61,"column":8},"end":{"line":61,"column":49}},"29":{"start":{"line":68,"column":20},"end":{"line":74,"column":1}},"30":{"start":{"line":69,"column":4},"end":{"line":73,"column":5}},"31":{"start":{"line":134,"column":20},"end":{"line":158,"column":1}},"32":{"start":{"line":135,"column":4},"end":{"line":157,"column":5}},"33":{"start":{"line":136,"column":21},"end":{"line":136,"column":37}},"34":{"start":{"line":137,"column":25},"end":{"line":137,"column":56}},"35":{"start":{"line":138,"column":8},"end":{"line":140,"column":9}},"36":{"start":{"line":139,"column":12},"end":{"line":139,"column":76}},"37":{"start":{"line":142,"column":31},"end":{"line":142,"column":54}},"38":{"start":{"line":143,"column":27},"end":{"line":143,"column":35}},"39":{"start":{"line":144,"column":25},"end":{"line":144,"column":52}},"40":{"start":{"line":147,"column":21},"end":{"line":151,"column":9}},"41":{"start":{"line":153,"column":8},"end":{"line":153,"column":25}},"42":{"start":{"line":156,"column":8},"end":{"line":156,"column":49}},"43":{"start":{"line":166,"column":23},"end":{"line":174,"column":1}},"44":{"start":{"line":167,"column":4},"end":{"line":173,"column":5}},"45":{"start":{"line":168,"column":21},"end":{"line":168,"column":70}},"46":{"start":{"line":169,"column":8},"end":{"line":169,"column":25}},"47":{"start":{"line":172,"column":8},"end":{"line":172,"column":54}},"48":{"start":{"line":179,"column":0},"end":{"line":179,"column":90}}},"fnMap":{"0":{"name":"(anonymous_0)","decl":{"start":{"line":16,"column":17},"end":{"line":16,"column":18}},"loc":{"start":{"line":16,"column":37},"end":{"line":24,"column":1}},"line":16},"1":{"name":"(anonymous_1)","decl":{"start":{"line":29,"column":16},"end":{"line":29,"column":17}},"loc":{"start":{"line":29,"column":36},"end":{"line":38,"column":1}},"line":29},"2":{"name":"(anonymous_2)","decl":{"start":{"line":43,"column":19},"end":{"line":43,"column":20}},"loc":{"start":{"line":43,"column":39},"end":{"line":63,"column":1}},"line":43},"3":{"name":"(anonymous_3)","decl":{"start":{"line":68,"column":20},"end":{"line":68,"column":21}},"loc":{"start":{"line":68,"column":40},"end":{"line":74,"column":1}},"line":68},"4":{"name":"(anonymous_4)","decl":{"start":{"line":134,"column":20},"end":{"line":134,"column":21}},"loc":{"start":{"line":134,"column":40},"end":{"line":158,"column":1}},"line":134},"5":{"name":"(anonymous_5)","decl":{"start":{"line":166,"column":23},"end":{"line":166,"column":24}},"loc":{"start":{"line":166,"column":43},"end":{"line":174,"column":1}},"line":166}},"branchMap":{"0":{"loc":{"start":{"line":47,"column":8},"end":{"line":49,"column":9}},"type":"if","locations":[{"start":{"line":47,"column":8},"end":{"line":49,"column":9}},{"start":{},"end":{}}],"line":47},"1":{"loc":{"start":{"line":138,"column":8},"end":{"line":140,"column":9}},"type":"if","locations":[{"start":{"line":138,"column":8},"end":{"line":140,"column":9}},{"start":{},"end":{}}],"line":138}},"s":{"0":3,"1":3,"2":3,"3":3,"4":3,"5":3,"6":3,"7":3,"8":3,"9":1,"10":1,"11":1,"12":0,"13":3,"14":1,"15":1,"16":1,"17":1,"18":0,"19":3,"20":2,"21":2,"22":2,"23":1,"24":1,"25":1,"26":1,"27":1,"28":0,"29":3,"30":0,"31":3,"32":2,"33":2,"34":2,"35":2,"36":1,"37":1,"38":1,"39":1,"40":1,"41":1,"42":0,"43":3,"44":0,"45":0,"46":0,"47":0,"48":3},"f":{"0":1,"1":1,"2":2,"3":0,"4":2,"5":0},"b":{"0":[1,1],"1":[1,1]},"_coverageSchema":"1a1c01bbd47fc00a2c39e90264f33305004495a9","hash":"250f7a691566e9e0a87843632160e14a81e1e55d"}
,"C:\\Users\\U s e r\\Desktop\\nodeApi\\controllers\\tracks.js": {"path":"C:\\Users\\U s e r\\Desktop\\nodeApi\\controllers\\tracks.js","statementMap":{"0":{"start":{"line":1,"column":24},"end":{"line":1,"column":52}},"1":{"start":{"line":2,"column":22},"end":{"line":2,"column":42}},"2":{"start":{"line":3,"column":26},"end":{"line":3,"column":57}},"3":{"start":{"line":4,"column":17},"end":{"line":4,"column":36}},"4":{"start":{"line":5,"column":22},"end":{"line":5,"column":42}},"5":{"start":{"line":13,"column":17},"end":{"line":22,"column":1}},"6":{"start":{"line":14,"column":4},"end":{"line":21,"column":5}},"7":{"start":{"line":15,"column":21},"end":{"line":15,"column":29}},"8":{"start":{"line":16,"column":21},"end":{"line":16,"column":52}},"9":{"start":{"line":17,"column":8},"end":{"line":17,"column":33}},"10":{"start":{"line":19,"column":8},"end":{"line":19,"column":29}},"11":{"start":{"line":20,"column":8},"end":{"line":20,"column":64}},"12":{"start":{"line":29,"column":16},"end":{"line":44,"column":1}},"13":{"start":{"line":30,"column":4},"end":{"line":43,"column":5}},"14":{"start":{"line":31,"column":23},"end":{"line":31,"column":39}},"15":{"start":{"line":32,"column":21},"end":{"line":32,"column":54}},"16":{"start":{"line":35,"column":8},"end":{"line":37,"column":9}},"17":{"start":{"line":36,"column":12},"end":{"line":36,"column":69}},"18":{"start":{"line":39,"column":8},"end":{"line":39,"column":27}},"19":{"start":{"line":41,"column":8},"end":{"line":41,"column":29}},"20":{"start":{"line":42,"column":8},"end":{"line":42,"column":56}},"21":{"start":{"line":50,"column":19},"end":{"line":63,"column":2}},"22":{"start":{"line":52,"column":4},"end":{"line":61,"column":5}},"23":{"start":{"line":53,"column":21},"end":{"line":53,"column":37}},"24":{"start":{"line":55,"column":21},"end":{"line":55,"column":51}},"25":{"start":{"line":56,"column":8},"end":{"line":56,"column":39}},"26":{"start":{"line":59,"column":8},"end":{"line":59,"column":61}},"27":{"start":{"line":60,"column":8},"end":{"line":60,"column":58}},"28":{"start":{"line":148,"column":20},"end":{"line":162,"column":1}},"29":{"start":{"line":150,"column":5},"end":{"line":160,"column":6}},"30":{"start":{"line":151,"column":31},"end":{"line":151,"column":47}},"31":{"start":{"line":152,"column":22},"end":{"line":156,"column":10}},"32":{"start":{"line":156,"column":19},"end":{"line":156,"column":35}},"33":{"start":{"line":159,"column":9},"end":{"line":159,"column":51}},"34":{"start":{"line":168,"column":20},"end":{"line":183,"column":1}},"35":{"start":{"line":169,"column":4},"end":{"line":181,"column":5}},"36":{"start":{"line":170,"column":21},"end":{"line":170,"column":37}},"37":{"start":{"line":171,"column":21},"end":{"line":173,"column":9}},"38":{"start":{"line":174,"column":8},"end":{"line":178,"column":9}},"39":{"start":{"line":175,"column":12},"end":{"line":175,"column":59}},"40":{"start":{"line":177,"column":12},"end":{"line":177,"column":62}},"41":{"start":{"line":180,"column":8},"end":{"line":180,"column":54}},"42":{"start":{"line":190,"column":23},"end":{"line":198,"column":1}},"43":{"start":{"line":191,"column":4},"end":{"line":197,"column":5}},"44":{"start":{"line":192,"column":21},"end":{"line":192,"column":69}},"45":{"start":{"line":193,"column":8},"end":{"line":193,"column":25}},"46":{"start":{"line":196,"column":8},"end":{"line":196,"column":54}},"47":{"start":{"line":204,"column":0},"end":{"line":204,"column":90}}},"fnMap":{"0":{"name":"(anonymous_0)","decl":{"start":{"line":13,"column":17},"end":{"line":13,"column":18}},"loc":{"start":{"line":13,"column":37},"end":{"line":22,"column":1}},"line":13},"1":{"name":"(anonymous_1)","decl":{"start":{"line":29,"column":16},"end":{"line":29,"column":17}},"loc":{"start":{"line":29,"column":36},"end":{"line":44,"column":1}},"line":29},"2":{"name":"(anonymous_2)","decl":{"start":{"line":50,"column":19},"end":{"line":50,"column":20}},"loc":{"start":{"line":50,"column":39},"end":{"line":63,"column":2}},"line":50},"3":{"name":"(anonymous_3)","decl":{"start":{"line":148,"column":20},"end":{"line":148,"column":21}},"loc":{"start":{"line":148,"column":40},"end":{"line":162,"column":1}},"line":148},"4":{"name":"(anonymous_4)","decl":{"start":{"line":168,"column":20},"end":{"line":168,"column":21}},"loc":{"start":{"line":168,"column":40},"end":{"line":183,"column":1}},"line":168},"5":{"name":"(anonymous_5)","decl":{"start":{"line":190,"column":23},"end":{"line":190,"column":24}},"loc":{"start":{"line":190,"column":43},"end":{"line":198,"column":1}},"line":190}},"branchMap":{"0":{"loc":{"start":{"line":35,"column":8},"end":{"line":37,"column":9}},"type":"if","locations":[{"start":{"line":35,"column":8},"end":{"line":37,"column":9}},{"start":{},"end":{}}],"line":35},"1":{"loc":{"start":{"line":174,"column":8},"end":{"line":178,"column":9}},"type":"if","locations":[{"start":{"line":174,"column":8},"end":{"line":178,"column":9}},{"start":{"line":176,"column":15},"end":{"line":178,"column":9}}],"line":174}},"s":{"0":3,"1":3,"2":3,"3":3,"4":3,"5":3,"6":1,"7":1,"8":1,"9":1,"10":0,"11":0,"12":3,"13":1,"14":1,"15":1,"16":1,"17":0,"18":1,"19":0,"20":0,"21":3,"22":1,"23":1,"24":1,"25":1,"26":0,"27":0,"28":3,"29":0,"30":0,"31":0,"32":0,"33":0,"34":3,"35":1,"36":1,"37":1,"38":1,"39":1,"40":0,"41":0,"42":3,"43":0,"44":0,"45":0,"46":0,"47":3},"f":{"0":1,"1":1,"2":1,"3":0,"4":1,"5":0},"b":{"0":[0,1],"1":[1,0]},"_coverageSchema":"1a1c01bbd47fc00a2c39e90264f33305004495a9","hash":"cd0ab76e6e5602aedd7cd4b1eec83c8d23fa977f"}
,"C:\\Users\\U s e r\\Desktop\\nodeApi\\docs\\swagger.js": {"path":"C:\\Users\\U s e r\\Desktop\\nodeApi\\docs\\swagger.js","statementMap":{"0":{"start":{"line":1,"column":21},"end":{"line":1,"column":45}},"1":{"start":{"line":6,"column":26},"end":{"line":120,"column":1}},"2":{"start":{"line":125,"column":16},"end":{"line":128,"column":1}},"3":{"start":{"line":133,"column":22},"end":{"line":133,"column":43}},"4":{"start":{"line":135,"column":0},"end":{"line":135,"column":31}}},"fnMap":{},"branchMap":{},"s":{"0":3,"1":3,"2":3,"3":3,"4":3},"f":{},"b":{},"_coverageSchema":"1a1c01bbd47fc00a2c39e90264f33305004495a9","hash":"31d9af2ef6930a7666e2b2d24e7ebd0a9df08caa"}
,"C:\\Users\\U s e r\\Desktop\\nodeApi\\middleware\\customHeader.js": {"path":"C:\\Users\\U s e r\\Desktop\\nodeApi\\middleware\\customHeader.js","statementMap":{"0":{"start":{"line":1,"column":21},"end":{"line":18,"column":1}},"1":{"start":{"line":3,"column":0},"end":{"line":17,"column":1}},"2":{"start":{"line":4,"column":19},"end":{"line":4,"column":43}},"3":{"start":{"line":5,"column":4},"end":{"line":11,"column":5}},"4":{"start":{"line":6,"column":8},"end":{"line":6,"column":14}},"5":{"start":{"line":9,"column":8},"end":{"line":9,"column":23}},"6":{"start":{"line":10,"column":8},"end":{"line":10,"column":47}},"7":{"start":{"line":14,"column":4},"end":{"line":14,"column":19}},"8":{"start":{"line":15,"column":4},"end":{"line":15,"column":57}},"9":{"start":{"line":20,"column":0},"end":{"line":20,"column":31}}},"fnMap":{"0":{"name":"(anonymous_0)","decl":{"start":{"line":1,"column":21},"end":{"line":1,"column":22}},"loc":{"start":{"line":1,"column":40},"end":{"line":18,"column":1}},"line":1}},"branchMap":{"0":{"loc":{"start":{"line":5,"column":4},"end":{"line":11,"column":5}},"type":"if","locations":[{"start":{"line":5,"column":4},"end":{"line":11,"column":5}},{"start":{"line":8,"column":11},"end":{"line":11,"column":5}}],"line":5}},"s":{"0":3,"1":0,"2":0,"3":0,"4":0,"5":0,"6":0,"7":0,"8":0,"9":3},"f":{"0":0},"b":{"0":[0,0]},"_coverageSchema":"1a1c01bbd47fc00a2c39e90264f33305004495a9","hash":"b18b88098eba2a97dc00fd64c62fb6695b3b2e67"}
,"C:\\Users\\U s e r\\Desktop\\nodeApi\\middleware\\rol.js": {"path":"C:\\Users\\U s e r\\Desktop\\nodeApi\\middleware\\rol.js","statementMap":{"0":{"start":{"line":1,"column":28},"end":{"line":1,"column":59}},"1":{"start":{"line":7,"column":17},"end":{"line":26,"column":1}},"2":{"start":{"line":7,"column":28},"end":{"line":26,"column":1}},"3":{"start":{"line":8,"column":4},"end":{"line":25,"column":5}},"4":{"start":{"line":9,"column":25},"end":{"line":9,"column":28}},"5":{"start":{"line":10,"column":8},"end":{"line":10,"column":27}},"6":{"start":{"line":13,"column":28},"end":{"line":13,"column":37}},"7":{"start":{"line":15,"column":30},"end":{"line":15,"column":88}},"8":{"start":{"line":15,"column":56},"end":{"line":15,"column":87}},"9":{"start":{"line":17,"column":8},"end":{"line":19,"column":9}},"10":{"start":{"line":18,"column":12},"end":{"line":18,"column":59}},"11":{"start":{"line":21,"column":8},"end":{"line":21,"column":15}},"12":{"start":{"line":24,"column":8},"end":{"line":24,"column":55}},"13":{"start":{"line":28,"column":0},"end":{"line":28,"column":26}}},"fnMap":{"0":{"name":"(anonymous_0)","decl":{"start":{"line":7,"column":17},"end":{"line":7,"column":18}},"loc":{"start":{"line":7,"column":28},"end":{"line":26,"column":1}},"line":7},"1":{"name":"(anonymous_1)","decl":{"start":{"line":7,"column":28},"end":{"line":7,"column":29}},"loc":{"start":{"line":7,"column":48},"end":{"line":26,"column":1}},"line":7},"2":{"name":"(anonymous_2)","decl":{"start":{"line":15,"column":41},"end":{"line":15,"column":42}},"loc":{"start":{"line":15,"column":56},"end":{"line":15,"column":87}},"line":15}},"branchMap":{"0":{"loc":{"start":{"line":17,"column":8},"end":{"line":19,"column":9}},"type":"if","locations":[{"start":{"line":17,"column":8},"end":{"line":19,"column":9}},{"start":{},"end":{}}],"line":17}},"s":{"0":3,"1":3,"2":3,"3":1,"4":1,"5":1,"6":1,"7":1,"8":1,"9":1,"10":0,"11":1,"12":0,"13":3},"f":{"0":3,"1":1,"2":1},"b":{"0":[0,1]},"_coverageSchema":"1a1c01bbd47fc00a2c39e90264f33305004495a9","hash":"4652007e245bd3409581563559f95152cad337df"}
,"C:\\Users\\U s e r\\Desktop\\nodeApi\\middleware\\session.js": {"path":"C:\\Users\\U s e r\\Desktop\\nodeApi\\middleware\\session.js","statementMap":{"0":{"start":{"line":1,"column":23},"end":{"line":1,"column":43}},"1":{"start":{"line":2,"column":26},"end":{"line":2,"column":57}},"2":{"start":{"line":3,"column":22},"end":{"line":3,"column":51}},"3":{"start":{"line":4,"column":22},"end":{"line":4,"column":64}},"4":{"start":{"line":5,"column":22},"end":{"line":5,"column":37}},"5":{"start":{"line":8,"column":23},"end":{"line":42,"column":1}},"6":{"start":{"line":10,"column":4},"end":{"line":40,"column":5}},"7":{"start":{"line":12,"column":8},"end":{"line":15,"column":9}},"8":{"start":{"line":13,"column":12},"end":{"line":13,"column":52}},"9":{"start":{"line":14,"column":12},"end":{"line":14,"column":18}},"10":{"start":{"line":17,"column":22},"end":{"line":17,"column":64}},"11":{"start":{"line":18,"column":26},"end":{"line":18,"column":50}},"12":{"start":{"line":20,"column":8},"end":{"line":23,"column":9}},"13":{"start":{"line":21,"column":12},"end":{"line":21,"column":59}},"14":{"start":{"line":22,"column":12},"end":{"line":22,"column":18}},"15":{"start":{"line":25,"column":22},"end":{"line":27,"column":9}},"16":{"start":{"line":32,"column":21},"end":{"line":32,"column":52}},"17":{"start":{"line":33,"column":8},"end":{"line":33,"column":23}},"18":{"start":{"line":35,"column":8},"end":{"line":35,"column":14}},"19":{"start":{"line":39,"column":8},"end":{"line":39,"column":49}},"20":{"start":{"line":44,"column":0},"end":{"line":44,"column":32}}},"fnMap":{"0":{"name":"(anonymous_0)","decl":{"start":{"line":8,"column":23},"end":{"line":8,"column":24}},"loc":{"start":{"line":8,"column":49},"end":{"line":42,"column":1}},"line":8}},"branchMap":{"0":{"loc":{"start":{"line":12,"column":8},"end":{"line":15,"column":9}},"type":"if","locations":[{"start":{"line":12,"column":8},"end":{"line":15,"column":9}},{"start":{},"end":{}}],"line":12},"1":{"loc":{"start":{"line":20,"column":8},"end":{"line":23,"column":9}},"type":"if","locations":[{"start":{"line":20,"column":8},"end":{"line":23,"column":9}},{"start":{},"end":{}}],"line":20}},"s":{"0":3,"1":3,"2":3,"3":3,"4":3,"5":3,"6":3,"7":3,"8":0,"9":0,"10":3,"11":3,"12":3,"13":0,"14":0,"15":3,"16":3,"17":3,"18":3,"19":0,"20":3},"f":{"0":3},"b":{"0":[0,3],"1":[0,3]},"_coverageSchema":"1a1c01bbd47fc00a2c39e90264f33305004495a9","hash":"1fc7f1ad570154bf861232ca4f29d21cfe6247d6"}
,"C:\\Users\\U s e r\\Desktop\\nodeApi\\models\\index.js": {"path":"C:\\Users\\U s e r\\Desktop\\nodeApi\\models\\index.js","statementMap":{"0":{"start":{"line":1,"column":18},"end":{"line":1,"column":39}},"1":{"start":{"line":3,"column":19},"end":{"line":3,"column":64}},"2":{"start":{"line":5,"column":15},"end":{"line":10,"column":1}},"3":{"start":{"line":12,"column":0},"end":{"line":12,"column":23}}},"fnMap":{},"branchMap":{"0":{"loc":{"start":{"line":3,"column":19},"end":{"line":3,"column":64}},"type":"cond-expr","locations":[{"start":{"line":3,"column":43},"end":{"line":3,"column":52}},{"start":{"line":3,"column":55},"end":{"line":3,"column":64}}],"line":3}},"s":{"0":3,"1":3,"2":3,"3":3},"f":{},"b":{"0":[3,0]},"_coverageSchema":"1a1c01bbd47fc00a2c39e90264f33305004495a9","hash":"519862ae3215586db5ff65d9ddcd9fbb42fd8fd2"}
,"C:\\Users\\U s e r\\Desktop\\nodeApi\\models\\noSql\\storage.js": {"path":"C:\\Users\\U s e r\\Desktop\\nodeApi\\models\\noSql\\storage.js","statementMap":{"0":{"start":{"line":1,"column":17},"end":{"line":1,"column":36}},"1":{"start":{"line":2,"column":23},"end":{"line":2,"column":49}},"2":{"start":{"line":5,"column":22},"end":{"line":21,"column":1}},"3":{"start":{"line":24,"column":0},"end":{"line":24,"column":62}},"4":{"start":{"line":25,"column":0},"end":{"line":25,"column":58}}},"fnMap":{},"branchMap":{},"s":{"0":3,"1":3,"2":3,"3":3,"4":3},"f":{},"b":{},"_coverageSchema":"1a1c01bbd47fc00a2c39e90264f33305004495a9","hash":"9c34b17de02ffcbc558ed3cbbbdb8640e38b0dc1"}
,"C:\\Users\\U s e r\\Desktop\\nodeApi\\models\\noSql\\tracks.js": {"path":"C:\\Users\\U s e r\\Desktop\\nodeApi\\models\\noSql\\tracks.js","statementMap":{"0":{"start":{"line":1,"column":17},"end":{"line":1,"column":36}},"1":{"start":{"line":2,"column":23},"end":{"line":2,"column":49}},"2":{"start":{"line":3,"column":19},"end":{"line":3,"column":39}},"3":{"start":{"line":6,"column":21},"end":{"line":55,"column":1}},"4":{"start":{"line":18,"column":16},"end":{"line":18,"column":28}},"5":{"start":{"line":61,"column":0},"end":{"line":78,"column":2}},"6":{"start":{"line":62,"column":21},"end":{"line":75,"column":6}},"7":{"start":{"line":77,"column":4},"end":{"line":77,"column":20}},"8":{"start":{"line":80,"column":0},"end":{"line":103,"column":1}},"9":{"start":{"line":81,"column":21},"end":{"line":100,"column":6}},"10":{"start":{"line":102,"column":4},"end":{"line":102,"column":20}},"11":{"start":{"line":106,"column":0},"end":{"line":106,"column":61}},"12":{"start":{"line":107,"column":0},"end":{"line":107,"column":56}}},"fnMap":{"0":{"name":"(anonymous_0)","decl":{"start":{"line":17,"column":22},"end":{"line":17,"column":23}},"loc":{"start":{"line":17,"column":29},"end":{"line":19,"column":13}},"line":17},"1":{"name":"(anonymous_1)","decl":{"start":{"line":61,"column":35},"end":{"line":61,"column":36}},"loc":{"start":{"line":61,"column":46},"end":{"line":78,"column":1}},"line":61},"2":{"name":"(anonymous_2)","decl":{"start":{"line":80,"column":35},"end":{"line":80,"column":36}},"loc":{"start":{"line":80,"column":48},"end":{"line":103,"column":1}},"line":80}},"branchMap":{},"s":{"0":3,"1":3,"2":3,"3":3,"4":1,"5":3,"6":1,"7":1,"8":3,"9":1,"10":1,"11":3,"12":3},"f":{"0":1,"1":1,"2":1},"b":{},"_coverageSchema":"1a1c01bbd47fc00a2c39e90264f33305004495a9","hash":"7fa445c105ee9a7a15e3803d908475a3bad1ee2d"}
,"C:\\Users\\U s e r\\Desktop\\nodeApi\\models\\noSql\\users.js": {"path":"C:\\Users\\U s e r\\Desktop\\nodeApi\\models\\noSql\\users.js","statementMap":{"0":{"start":{"line":1,"column":17},"end":{"line":1,"column":36}},"1":{"start":{"line":2,"column":23},"end":{"line":2,"column":49}},"2":{"start":{"line":5,"column":19},"end":{"line":45,"column":1}},"3":{"start":{"line":48,"column":0},"end":{"line":48,"column":59}},"4":{"start":{"line":49,"column":0},"end":{"line":49,"column":53}}},"fnMap":{},"branchMap":{},"s":{"0":3,"1":3,"2":3,"3":3,"4":3},"f":{},"b":{},"_coverageSchema":"1a1c01bbd47fc00a2c39e90264f33305004495a9","hash":"373aa9afe5334d226e02140b4ead67da8e55c4e7"}
,"C:\\Users\\U s e r\\Desktop\\nodeApi\\routes\\auth.js": {"path":"C:\\Users\\U s e r\\Desktop\\nodeApi\\routes\\auth.js","statementMap":{"0":{"start":{"line":1,"column":16},"end":{"line":1,"column":34}},"1":{"start":{"line":2,"column":15},"end":{"line":2,"column":31}},"2":{"start":{"line":3,"column":30},"end":{"line":3,"column":60}},"3":{"start":{"line":4,"column":44},"end":{"line":4,"column":73}},"4":{"start":{"line":56,"column":0},"end":{"line":56,"column":54}},"5":{"start":{"line":57,"column":0},"end":{"line":57,"column":49}},"6":{"start":{"line":62,"column":0},"end":{"line":62,"column":23}}},"fnMap":{},"branchMap":{},"s":{"0":3,"1":3,"2":3,"3":3,"4":3,"5":3,"6":3},"f":{},"b":{},"_coverageSchema":"1a1c01bbd47fc00a2c39e90264f33305004495a9","hash":"6da9eefc6ffeebe5d2fbe5ba2295bb52e8e8eb96"}
,"C:\\Users\\U s e r\\Desktop\\nodeApi\\routes\\index.js": {"path":"C:\\Users\\U s e r\\Desktop\\nodeApi\\routes\\index.js","statementMap":{"0":{"start":{"line":1,"column":16},"end":{"line":1,"column":34}},"1":{"start":{"line":2,"column":15},"end":{"line":2,"column":31}},"2":{"start":{"line":3,"column":11},"end":{"line":3,"column":24}},"3":{"start":{"line":6,"column":20},"end":{"line":6,"column":29}},"4":{"start":{"line":9,"column":24},"end":{"line":11,"column":1}},"5":{"start":{"line":10,"column":4},"end":{"line":10,"column":38}},"6":{"start":{"line":14,"column":0},"end":{"line":22,"column":2}},"7":{"start":{"line":15,"column":17},"end":{"line":15,"column":38}},"8":{"start":{"line":17,"column":4},"end":{"line":20,"column":5}},"9":{"start":{"line":19,"column":8},"end":{"line":19,"column":52}},"10":{"start":{"line":24,"column":0},"end":{"line":24,"column":23}}},"fnMap":{"0":{"name":"(anonymous_0)","decl":{"start":{"line":9,"column":24},"end":{"line":9,"column":25}},"loc":{"start":{"line":9,"column":38},"end":{"line":11,"column":1}},"line":9},"1":{"name":"(anonymous_1)","decl":{"start":{"line":14,"column":35},"end":{"line":14,"column":36}},"loc":{"start":{"line":14,"column":45},"end":{"line":22,"column":1}},"line":14}},"branchMap":{"0":{"loc":{"start":{"line":17,"column":4},"end":{"line":20,"column":5}},"type":"if","locations":[{"start":{"line":17,"column":4},"end":{"line":20,"column":5}},{"start":{},"end":{}}],"line":17}},"s":{"0":3,"1":3,"2":3,"3":3,"4":3,"5":12,"6":3,"7":12,"8":12,"9":9,"10":3},"f":{"0":12,"1":12},"b":{"0":[9,3]},"_coverageSchema":"1a1c01bbd47fc00a2c39e90264f33305004495a9","hash":"7e1e055f1480dcb5b2373d64c02b5ef5730a89f1"}
,"C:\\Users\\U s e r\\Desktop\\nodeApi\\routes\\storage.js": {"path":"C:\\Users\\U s e r\\Desktop\\nodeApi\\routes\\storage.js","statementMap":{"0":{"start":{"line":1,"column":16},"end":{"line":1,"column":34}},"1":{"start":{"line":2,"column":15},"end":{"line":2,"column":31}},"2":{"start":{"line":3,"column":25},"end":{"line":3,"column":59}},"3":{"start":{"line":4,"column":27},"end":{"line":4,"column":60}},"4":{"start":{"line":5,"column":70},"end":{"line":5,"column":103}},"5":{"start":{"line":9,"column":0},"end":{"line":9,"column":26}},"6":{"start":{"line":43,"column":0},"end":{"line":43,"column":40}},"7":{"start":{"line":48,"column":0},"end":{"line":48,"column":46}},"8":{"start":{"line":84,"column":0},"end":{"line":84,"column":64}},"9":{"start":{"line":118,"column":0},"end":{"line":118,"column":52}},"10":{"start":{"line":147,"column":0},"end":{"line":147,"column":24}}},"fnMap":{},"branchMap":{},"s":{"0":3,"1":3,"2":3,"3":3,"4":3,"5":3,"6":3,"7":3,"8":3,"9":3,"10":3},"f":{},"b":{},"_coverageSchema":"1a1c01bbd47fc00a2c39e90264f33305004495a9","hash":"2c7452b638a0d2ad457920a96bc0d0add247066b"}
,"C:\\Users\\U s e r\\Desktop\\nodeApi\\routes\\tracks.js": {"path":"C:\\Users\\U s e r\\Desktop\\nodeApi\\routes\\tracks.js","statementMap":{"0":{"start":{"line":1,"column":16},"end":{"line":1,"column":34}},"1":{"start":{"line":2,"column":15},"end":{"line":2,"column":31}},"2":{"start":{"line":3,"column":82},"end":{"line":3,"column":114}},"3":{"start":{"line":4,"column":69},"end":{"line":4,"column":100}},"4":{"start":{"line":5,"column":23},"end":{"line":5,"column":60}},"5":{"start":{"line":6,"column":23},"end":{"line":6,"column":55}},"6":{"start":{"line":7,"column":17},"end":{"line":7,"column":45}},"7":{"start":{"line":10,"column":0},"end":{"line":10,"column":42}},"8":{"start":{"line":37,"column":0},"end":{"line":37,"column":54}},"9":{"start":{"line":40,"column":0},"end":{"line":40,"column":45}},"10":{"start":{"line":77,"column":0},"end":{"line":77,"column":94}},"11":{"start":{"line":109,"column":0},"end":{"line":109,"column":86}},"12":{"start":{"line":154,"column":0},"end":{"line":154,"column":67}},"13":{"start":{"line":183,"column":0},"end":{"line":183,"column":23}}},"fnMap":{},"branchMap":{},"s":{"0":3,"1":3,"2":3,"3":3,"4":3,"5":3,"6":3,"7":3,"8":3,"9":3,"10":3,"11":3,"12":3,"13":3},"f":{},"b":{},"_coverageSchema":"1a1c01bbd47fc00a2c39e90264f33305004495a9","hash":"f141b7237d96581201b97513716584793a0e28b7"}
,"C:\\Users\\U s e r\\Desktop\\nodeApi\\test\\helper\\helperData.js": {"path":"C:\\Users\\U s e r\\Desktop\\nodeApi\\test\\helper\\helperData.js","statementMap":{"0":{"start":{"line":4,"column":25},"end":{"line":9,"column":1}},"1":{"start":{"line":11,"column":22},"end":{"line":14,"column":1}},"2":{"start":{"line":16,"column":32},"end":{"line":22,"column":3}},"3":{"start":{"line":24,"column":30},"end":{"line":27,"column":3}},"4":{"start":{"line":29,"column":24},"end":{"line":43,"column":3}},"5":{"start":{"line":46,"column":2},"end":{"line":52,"column":3}}},"fnMap":{},"branchMap":{},"s":{"0":3,"1":3,"2":3,"3":3,"4":3,"5":3},"f":{},"b":{},"_coverageSchema":"1a1c01bbd47fc00a2c39e90264f33305004495a9","hash":"f06ec8668426cf5a5a7bbad5d0323f4bf295a4c0"}
,"C:\\Users\\U s e r\\Desktop\\nodeApi\\utils\\handleError.js": {"path":"C:\\Users\\U s e r\\Desktop\\nodeApi\\utils\\handleError.js","statementMap":{"0":{"start":{"line":1,"column":24},"end":{"line":3,"column":1}},"1":{"start":{"line":2,"column":4},"end":{"line":2,"column":46}},"2":{"start":{"line":5,"column":0},"end":{"line":5,"column":37}}},"fnMap":{"0":{"name":"(anonymous_0)","decl":{"start":{"line":1,"column":24},"end":{"line":1,"column":25}},"loc":{"start":{"line":1,"column":71},"end":{"line":3,"column":1}},"line":1}},"branchMap":{"0":{"loc":{"start":{"line":1,"column":30},"end":{"line":1,"column":54}},"type":"default-arg","locations":[{"start":{"line":1,"column":40},"end":{"line":1,"column":54}}],"line":1},"1":{"loc":{"start":{"line":1,"column":56},"end":{"line":1,"column":66}},"type":"default-arg","locations":[{"start":{"line":1,"column":63},"end":{"line":1,"column":66}}],"line":1}},"s":{"0":3,"1":1,"2":3},"f":{"0":1},"b":{"0":[0],"1":[0]},"_coverageSchema":"1a1c01bbd47fc00a2c39e90264f33305004495a9","hash":"678c3db953817b6cf82d79d31d577eb77ecac3c3"}
,"C:\\Users\\U s e r\\Desktop\\nodeApi\\utils\\handleJwt.js": {"path":"C:\\Users\\U s e r\\Desktop\\nodeApi\\utils\\handleJwt.js","statementMap":{"0":{"start":{"line":1,"column":12},"end":{"line":1,"column":35}},"1":{"start":{"line":2,"column":19},"end":{"line":2,"column":41}},"2":{"start":{"line":3,"column":22},"end":{"line":3,"column":64}},"3":{"start":{"line":4,"column":22},"end":{"line":4,"column":37}},"4":{"start":{"line":12,"column":18},"end":{"line":24,"column":1}},"5":{"start":{"line":13,"column":13},"end":{"line":21,"column":1}},"6":{"start":{"line":23,"column":0},"end":{"line":23,"column":12}},"7":{"start":{"line":32,"column":20},"end":{"line":40,"column":1}},"8":{"start":{"line":34,"column":4},"end":{"line":38,"column":5}},"9":{"start":{"line":35,"column":8},"end":{"line":35,"column":47}},"10":{"start":{"line":37,"column":8},"end":{"line":37,"column":19}},"11":{"start":{"line":43,"column":0},"end":{"line":43,"column":41}}},"fnMap":{"0":{"name":"(anonymous_0)","decl":{"start":{"line":12,"column":18},"end":{"line":12,"column":19}},"loc":{"start":{"line":12,"column":34},"end":{"line":24,"column":1}},"line":12},"1":{"name":"(anonymous_1)","decl":{"start":{"line":32,"column":20},"end":{"line":32,"column":21}},"loc":{"start":{"line":32,"column":40},"end":{"line":40,"column":1}},"line":32}},"branchMap":{},"s":{"0":3,"1":3,"2":3,"3":3,"4":3,"5":4,"6":4,"7":3,"8":3,"9":3,"10":0,"11":3},"f":{"0":4,"1":3},"b":{},"_coverageSchema":"1a1c01bbd47fc00a2c39e90264f33305004495a9","hash":"7c9c773bb45b727da7dd58bc66dd9389314ed4ca"}
,"C:\\Users\\U s e r\\Desktop\\nodeApi\\utils\\handlePassword.js": {"path":"C:\\Users\\U s e r\\Desktop\\nodeApi\\utils\\handlePassword.js","statementMap":{"0":{"start":{"line":1,"column":15},"end":{"line":1,"column":34}},"1":{"start":{"line":10,"column":17},"end":{"line":13,"column":1}},"2":{"start":{"line":11,"column":17},"end":{"line":11,"column":53}},"3":{"start":{"line":12,"column":4},"end":{"line":12,"column":15}},"4":{"start":{"line":21,"column":16},"end":{"line":24,"column":1}},"5":{"start":{"line":22,"column":4},"end":{"line":22,"column":60}},"6":{"start":{"line":27,"column":0},"end":{"line":27,"column":36}}},"fnMap":{"0":{"name":"(anonymous_0)","decl":{"start":{"line":10,"column":17},"end":{"line":10,"column":18}},"loc":{"start":{"line":10,"column":41},"end":{"line":13,"column":1}},"line":10},"1":{"name":"(anonymous_1)","decl":{"start":{"line":21,"column":16},"end":{"line":21,"column":17}},"loc":{"start":{"line":21,"column":56},"end":{"line":24,"column":1}},"line":21}},"branchMap":{},"s":{"0":3,"1":3,"2":1,"3":1,"4":3,"5":2,"6":3},"f":{"0":1,"1":2},"b":{},"_coverageSchema":"1a1c01bbd47fc00a2c39e90264f33305004495a9","hash":"19e95b78261ab2e48613190d272685f8ea8212a0"}
,"C:\\Users\\U s e r\\Desktop\\nodeApi\\utils\\handlePropertiesEngine.js": {"path":"C:\\Users\\U s e r\\Desktop\\nodeApi\\utils\\handlePropertiesEngine.js","statementMap":{"0":{"start":{"line":1,"column":18},"end":{"line":1,"column":39}},"1":{"start":{"line":3,"column":22},"end":{"line":18,"column":1}},"2":{"start":{"line":4,"column":17},"end":{"line":11,"column":5}},"3":{"start":{"line":13,"column":4},"end":{"line":15,"column":5}},"4":{"start":{"line":14,"column":8},"end":{"line":14,"column":84}},"5":{"start":{"line":17,"column":4},"end":{"line":17,"column":27}},"6":{"start":{"line":20,"column":0},"end":{"line":20,"column":31}}},"fnMap":{"0":{"name":"(anonymous_0)","decl":{"start":{"line":3,"column":22},"end":{"line":3,"column":23}},"loc":{"start":{"line":3,"column":28},"end":{"line":18,"column":1}},"line":3}},"branchMap":{"0":{"loc":{"start":{"line":13,"column":4},"end":{"line":15,"column":5}},"type":"if","locations":[{"start":{"line":13,"column":4},"end":{"line":15,"column":5}},{"start":{},"end":{}}],"line":13}},"s":{"0":3,"1":3,"2":6,"3":6,"4":0,"5":6,"6":3},"f":{"0":6},"b":{"0":[0,6]},"_coverageSchema":"1a1c01bbd47fc00a2c39e90264f33305004495a9","hash":"2a387d404b5f86dbc5b00dc723581bb5e8b3d137"}
,"C:\\Users\\U s e r\\Desktop\\nodeApi\\utils\\handlestorage.js": {"path":"C:\\Users\\U s e r\\Desktop\\nodeApi\\utils\\handlestorage.js","statementMap":{"0":{"start":{"line":1,"column":15},"end":{"line":1,"column":32}},"1":{"start":{"line":6,"column":16},"end":{"line":21,"column":2}},"2":{"start":{"line":9,"column":28},"end":{"line":9,"column":53}},"3":{"start":{"line":10,"column":8},"end":{"line":10,"column":29}},"4":{"start":{"line":16,"column":20},"end":{"line":16,"column":54}},"5":{"start":{"line":17,"column":25},"end":{"line":17,"column":52}},"6":{"start":{"line":18,"column":8},"end":{"line":18,"column":26}},"7":{"start":{"line":23,"column":25},"end":{"line":23,"column":42}},"8":{"start":{"line":25,"column":0},"end":{"line":25,"column":34}}},"fnMap":{"0":{"name":"(anonymous_0)","decl":{"start":{"line":7,"column":17},"end":{"line":7,"column":18}},"loc":{"start":{"line":7,"column":40},"end":{"line":12,"column":5}},"line":7},"1":{"name":"(anonymous_1)","decl":{"start":{"line":13,"column":14},"end":{"line":13,"column":15}},"loc":{"start":{"line":13,"column":37},"end":{"line":20,"column":5}},"line":13}},"branchMap":{},"s":{"0":3,"1":3,"2":1,"3":1,"4":1,"5":1,"6":1,"7":3,"8":3},"f":{"0":1,"1":1},"b":{},"_coverageSchema":"1a1c01bbd47fc00a2c39e90264f33305004495a9","hash":"4a212fd7f0806edf5182db3322bef112961a82c4"}
,"C:\\Users\\U s e r\\Desktop\\nodeApi\\utils\\handlevalidator.js": {"path":"C:\\Users\\U s e r\\Desktop\\nodeApi\\utils\\handlevalidator.js","statementMap":{"0":{"start":{"line":1,"column":27},"end":{"line":1,"column":55}},"1":{"start":{"line":3,"column":24},"end":{"line":11,"column":1}},"2":{"start":{"line":4,"column":4},"end":{"line":10,"column":5}},"3":{"start":{"line":5,"column":8},"end":{"line":5,"column":38}},"4":{"start":{"line":6,"column":8},"end":{"line":6,"column":22}},"5":{"start":{"line":8,"column":8},"end":{"line":8,"column":24}},"6":{"start":{"line":9,"column":8},"end":{"line":9,"column":42}},"7":{"start":{"line":13,"column":0},"end":{"line":13,"column":32}}},"fnMap":{"0":{"name":"(anonymous_0)","decl":{"start":{"line":3,"column":24},"end":{"line":3,"column":25}},"loc":{"start":{"line":3,"column":44},"end":{"line":11,"column":1}},"line":3}},"branchMap":{},"s":{"0":3,"1":3,"2":12,"3":12,"4":12,"5":0,"6":0,"7":3},"f":{"0":12},"b":{},"_coverageSchema":"1a1c01bbd47fc00a2c39e90264f33305004495a9","hash":"a2407629ad7792fdf14198aa307c37351b49b633"}
,"C:\\Users\\U s e r\\Desktop\\nodeApi\\validators\\auth.js": {"path":"C:\\Users\\U s e r\\Desktop\\nodeApi\\validators\\auth.js","statementMap":{"0":{"start":{"line":1,"column":16},"end":{"line":1,"column":44}},"1":{"start":{"line":2,"column":24},"end":{"line":2,"column":59}},"2":{"start":{"line":3,"column":21},"end":{"line":3,"column":41}},"3":{"start":{"line":6,"column":25},"end":{"line":12,"column":1}},"4":{"start":{"line":7,"column":17},"end":{"line":7,"column":63}},"5":{"start":{"line":9,"column":4},"end":{"line":11,"column":5}},"6":{"start":{"line":10,"column":8},"end":{"line":10,"column":48}},"7":{"start":{"line":14,"column":26},"end":{"line":25,"column":1}},"8":{"start":{"line":20,"column":12},"end":{"line":20,"column":42}},"9":{"start":{"line":23,"column":8},"end":{"line":23,"column":47}},"10":{"start":{"line":29,"column":23},"end":{"line":36,"column":1}},"11":{"start":{"line":33,"column":7},"end":{"line":33,"column":45}},"12":{"start":{"line":38,"column":0},"end":{"line":38,"column":52}}},"fnMap":{"0":{"name":"(anonymous_0)","decl":{"start":{"line":6,"column":25},"end":{"line":6,"column":26}},"loc":{"start":{"line":6,"column":42},"end":{"line":12,"column":1}},"line":6},"1":{"name":"(anonymous_1)","decl":{"start":{"line":19,"column":16},"end":{"line":19,"column":17}},"loc":{"start":{"line":19,"column":33},"end":{"line":21,"column":9}},"line":19},"2":{"name":"(anonymous_2)","decl":{"start":{"line":22,"column":4},"end":{"line":22,"column":5}},"loc":{"start":{"line":22,"column":24},"end":{"line":24,"column":5}},"line":22},"3":{"name":"(anonymous_3)","decl":{"start":{"line":32,"column":4},"end":{"line":32,"column":5}},"loc":{"start":{"line":32,"column":24},"end":{"line":34,"column":5}},"line":32}},"branchMap":{"0":{"loc":{"start":{"line":9,"column":4},"end":{"line":11,"column":5}},"type":"if","locations":[{"start":{"line":9,"column":4},"end":{"line":11,"column":5}},{"start":{},"end":{}}],"line":9}},"s":{"0":3,"1":3,"2":3,"3":3,"4":3,"5":3,"6":0,"7":3,"8":3,"9":3,"10":3,"11":3,"12":3},"f":{"0":3,"1":3,"2":3,"3":3},"b":{"0":[0,3]},"_coverageSchema":"1a1c01bbd47fc00a2c39e90264f33305004495a9","hash":"628eed7db437aaf6e1a82562fc77bf735606c10d"}
,"C:\\Users\\U s e r\\Desktop\\nodeApi\\validators\\storage.js": {"path":"C:\\Users\\U s e r\\Desktop\\nodeApi\\validators\\storage.js","statementMap":{"0":{"start":{"line":1,"column":16},"end":{"line":1,"column":44}},"1":{"start":{"line":2,"column":24},"end":{"line":2,"column":59}},"2":{"start":{"line":7,"column":25},"end":{"line":13,"column":1}},"3":{"start":{"line":10,"column":7},"end":{"line":10,"column":45}},"4":{"start":{"line":15,"column":0},"end":{"line":15,"column":35}}},"fnMap":{"0":{"name":"(anonymous_0)","decl":{"start":{"line":9,"column":4},"end":{"line":9,"column":5}},"loc":{"start":{"line":9,"column":24},"end":{"line":11,"column":5}},"line":9}},"branchMap":{},"s":{"0":3,"1":3,"2":3,"3":3,"4":3},"f":{"0":3},"b":{},"_coverageSchema":"1a1c01bbd47fc00a2c39e90264f33305004495a9","hash":"72a190c028aeede2de75b6334a54922684c0ed72"}
,"C:\\Users\\U s e r\\Desktop\\nodeApi\\validators\\tracks.js": {"path":"C:\\Users\\U s e r\\Desktop\\nodeApi\\validators\\tracks.js","statementMap":{"0":{"start":{"line":1,"column":16},"end":{"line":1,"column":44}},"1":{"start":{"line":2,"column":24},"end":{"line":2,"column":59}},"2":{"start":{"line":5,"column":28},"end":{"line":21,"column":1}},"3":{"start":{"line":18,"column":7},"end":{"line":18,"column":45}},"4":{"start":{"line":24,"column":28},"end":{"line":39,"column":1}},"5":{"start":{"line":37,"column":8},"end":{"line":37,"column":47}},"6":{"start":{"line":77,"column":25},"end":{"line":83,"column":1}},"7":{"start":{"line":80,"column":7},"end":{"line":80,"column":45}},"8":{"start":{"line":85,"column":0},"end":{"line":85,"column":77}}},"fnMap":{"0":{"name":"(anonymous_0)","decl":{"start":{"line":17,"column":4},"end":{"line":17,"column":5}},"loc":{"start":{"line":17,"column":24},"end":{"line":19,"column":5}},"line":17},"1":{"name":"(anonymous_1)","decl":{"start":{"line":36,"column":4},"end":{"line":36,"column":5}},"loc":{"start":{"line":36,"column":24},"end":{"line":38,"column":5}},"line":36},"2":{"name":"(anonymous_2)","decl":{"start":{"line":79,"column":4},"end":{"line":79,"column":5}},"loc":{"start":{"line":79,"column":24},"end":{"line":81,"column":5}},"line":79}},"branchMap":{},"s":{"0":3,"1":3,"2":3,"3":1,"4":3,"5":0,"6":3,"7":2,"8":3},"f":{"0":1,"1":0,"2":2},"b":{},"_coverageSchema":"1a1c01bbd47fc00a2c39e90264f33305004495a9","hash":"0b0043ef360e9f846b0df5c46c9cdf4a1af59840"}
}
